# JRE version: Java(TM) SE Runtime Environment (8.0_201-b09) (build 1.8.0_201-b09)
# Java VM: Java HotSpot(TM) 64-Bit Server VM (25.201-b09 mixed mode linux-amd64 compressed oops)
Heap:
 PSYoungGen      total 134656K, used 96K [0x00000000eb700000, 0x00000000f4300000, 0x0000000100000000)
  eden space 126464K, 0% used [0x00000000eb700000,0x00000000eb700000,0x00000000f3280000)
  from space 8192K, 1% used [0x00000000f3280000,0x00000000f3298000,0x00000000f3a80000)
  to   space 7680K, 0% used [0x00000000f3a80000,0x00000000f3a80000,0x00000000f4200000)
 ParOldGen       total 140288K, used 107378K [0x00000000c2400000, 0x00000000cad00000, 0x00000000eb700000)
  object space 140288K, 76% used [0x00000000c2400000,0x00000000c8cdcaa8,0x00000000cad00000)
 Metaspace       used 11658K, capacity 11856K, committed 12160K, reserved 1060864K
  class space    used 1264K, capacity 1350K, committed 1408K, reserved 1048576K
GC Heap History (10 events):
Event: 1.569 GC heap after
Heap after GC invocations=4 (full 0):
 PSYoungGen      total 34304K, used 2535K [0x00000000eb700000, 0x00000000edb00000, 0x0000000100000000)
  eden space 31744K, 0% used [0x00000000eb700000,0x00000000eb700000,0x00000000ed600000)
  from space 2560K, 99% used [0x00000000ed880000,0x00000000edaf9e70,0x00000000edb00000)
  to   space 2560K, 0% used [0x00000000ed600000,0x00000000ed600000,0x00000000ed880000)
 ParOldGen       total 140288K, used 104814K [0x00000000c2400000, 0x00000000cad00000, 0x00000000eb700000)
  object space 140288K, 74% used [0x00000000c2400000,0x00000000c8a5bb98,0x00000000cad00000)
 Metaspace       used 11523K, capacity 11728K, committed 11904K, reserved 1060864K
  class space    used 1254K, capacity 1350K, committed 1408K, reserved 1048576K
}
Event: 1.653 GC heap before
{Heap before GC invocations=5 (full 0):
 PSYoungGen      total 34304K, used 34279K [0x00000000eb700000, 0x00000000edb00000, 0x0000000100000000)
  eden space 31744K, 100% used [0x00000000eb700000,0x00000000ed600000,0x00000000ed600000)
  from space 2560K, 99% used [0x00000000ed880000,0x00000000edaf9e70,0x00000000edb00000)
  to   space 2560K, 0% used [0x00000000ed600000,0x00000000ed600000,0x00000000ed880000)
 ParOldGen       total 140288K, used 104814K [0x00000000c2400000, 0x00000000cad00000, 0x00000000eb700000)
  object space 140288K, 74% used [0x00000000c2400000,0x00000000c8a5bb98,0x00000000cad00000)
 Metaspace       used 11533K, capacity 11728K, committed 11904K, reserved 1060864K
  class space    used 1254K, capacity 1350K, committed 1408K, reserved 1048576K
Event: 1.658 GC heap after
Heap after GC invocations=5 (full 0):
 PSYoungGen      total 34304K, used 2551K [0x00000000eb700000, 0x00000000f0500000, 0x0000000100000000)
  eden space 31744K, 0% used [0x00000000eb700000,0x00000000eb700000,0x00000000ed600000)
  from space 2560K, 99% used [0x00000000ed600000,0x00000000ed87de80,0x00000000ed880000)
  to   space 8192K, 0% used [0x00000000efd00000,0x00000000efd00000,0x00000000f0500000)
 ParOldGen       total 140288K, used 104838K [0x00000000c2400000, 0x00000000cad00000, 0x00000000eb700000)
  object space 140288K, 74% used [0x00000000c2400000,0x00000000c8a61b98,0x00000000cad00000)
 Metaspace       used 11533K, capacity 11728K, committed 11904K, reserved 1060864K
  class space    used 1254K, capacity 1350K, committed 1408K, reserved 1048576K
}
Event: 1.699 GC heap before
{Heap before GC invocations=6 (full 0):
 PSYoungGen      total 34304K, used 34295K [0x00000000eb700000, 0x00000000f0500000, 0x0000000100000000)
  eden space 31744K, 100% used [0x00000000eb700000,0x00000000ed600000,0x00000000ed600000)
  from space 2560K, 99% used [0x00000000ed600000,0x00000000ed87de80,0x00000000ed880000)
  to   space 8192K, 0% used [0x00000000efd00000,0x00000000efd00000,0x00000000f0500000)
 ParOldGen       total 140288K, used 104838K [0x00000000c2400000, 0x00000000cad00000, 0x00000000eb700000)
  object space 140288K, 74% used [0x00000000c2400000,0x00000000c8a61b98,0x00000000cad00000)
 Metaspace       used 11535K, capacity 11728K, committed 11904K, reserved 1060864K
  class space    used 1254K, capacity 1350K, committed 1408K, reserved 1048576K
Event: 1.707 GC heap after
Heap after GC invocations=6 (full 0):
 PSYoungGen      total 70656K, used 2615K [0x00000000eb700000, 0x00000000f0400000, 0x0000000100000000)
  eden space 63488K, 0% used [0x00000000eb700000,0x00000000eb700000,0x00000000ef500000)
  from space 7168K, 36% used [0x00000000efd00000,0x00000000eff8de80,0x00000000f0400000)
  to   space 7680K, 0% used [0x00000000ef500000,0x00000000ef500000,0x00000000efc80000)
 ParOldGen       total 140288K, used 104838K [0x00000000c2400000, 0x00000000cad00000, 0x00000000eb700000)
  object space 140288K, 74% used [0x00000000c2400000,0x00000000c8a61b98,0x00000000cad00000)
 Metaspace       used 11535K, capacity 11728K, committed 11904K, reserved 1060864K
  class space    used 1254K, capacity 1350K, committed 1408K, reserved 1048576K
}
Event: 1.809 GC heap before
{Heap before GC invocations=7 (full 0):
 PSYoungGen      total 70656K, used 66103K [0x00000000eb700000, 0x00000000f0400000, 0x0000000100000000)
  eden space 63488K, 100% used [0x00000000eb700000,0x00000000ef500000,0x00000000ef500000)
  from space 7168K, 36% used [0x00000000efd00000,0x00000000eff8de80,0x00000000f0400000)
  to   space 7680K, 0% used [0x00000000ef500000,0x00000000ef500000,0x00000000efc80000)
 ParOldGen       total 140288K, used 104838K [0x00000000c2400000, 0x00000000cad00000, 0x00000000eb700000)
  object space 140288K, 74% used [0x00000000c2400000,0x00000000c8a61b98,0x00000000cad00000)
 Metaspace       used 11535K, capacity 11728K, committed 11904K, reserved 1060864K
  class space    used 1254K, capacity 1350K, committed 1408K, reserved 1048576K
Event: 1.815 GC heap after
Heap after GC invocations=7 (full 0):
 PSYoungGen      total 71168K, used 1408K [0x00000000eb700000, 0x00000000f4200000, 0x0000000100000000)
  eden space 63488K, 0% used [0x00000000eb700000,0x00000000eb700000,0x00000000ef500000)
  from space 7680K, 18% used [0x00000000ef500000,0x00000000ef660010,0x00000000efc80000)
  to   space 7680K, 0% used [0x00000000f3a80000,0x00000000f3a80000,0x00000000f4200000)
 ParOldGen       total 140288K, used 106058K [0x00000000c2400000, 0x00000000cad00000, 0x00000000eb700000)
  object space 140288K, 75% used [0x00000000c2400000,0x00000000c8b92a98,0x00000000cad00000)
 Metaspace       used 11535K, capacity 11728K, committed 11904K, reserved 1060864K
  class space    used 1254K, capacity 1350K, committed 1408K, reserved 1048576K
}
Event: 1.873 GC heap before
{Heap before GC invocations=8 (full 0):
 PSYoungGen      total 71168K, used 64896K [0x00000000eb700000, 0x00000000f4200000, 0x0000000100000000)
  eden space 63488K, 100% used [0x00000000eb700000,0x00000000ef500000,0x00000000ef500000)
  from space 7680K, 18% used [0x00000000ef500000,0x00000000ef660010,0x00000000efc80000)
  to   space 7680K, 0% used [0x00000000f3a80000,0x00000000f3a80000,0x00000000f4200000)
 ParOldGen       total 140288K, used 106058K [0x00000000c2400000, 0x00000000cad00000, 0x00000000eb700000)
  object space 140288K, 75% used [0x00000000c2400000,0x00000000c8b92a98,0x00000000cad00000)
 Metaspace       used 11535K, capacity 11728K, committed 11904K, reserved 1060864K
  class space    used 1254K, capacity 1350K, committed 1408K, reserved 1048576K
Event: 1.878 GC heap after
Heap after GC invocations=8 (full 0):
 PSYoungGen      total 134144K, used 32K [0x00000000eb700000, 0x00000000f4300000, 0x0000000100000000)
  eden space 126464K, 0% used [0x00000000eb700000,0x00000000eb700000,0x00000000f3280000)
  from space 7680K, 0% used [0x00000000f3a80000,0x00000000f3a88000,0x00000000f4200000)
  to   space 8192K, 0% used [0x00000000f3280000,0x00000000f3280000,0x00000000f3a80000)
 ParOldGen       total 140288K, used 107370K [0x00000000c2400000, 0x00000000cad00000, 0x00000000eb700000)
  object space 140288K, 76% used [0x00000000c2400000,0x00000000c8cdaaa8,0x00000000cad00000)
 Metaspace       used 11535K, capacity 11728K, committed 11904K, reserved 1060864K
  class space    used 1254K, capacity 1350K, committed 1408K, reserved 1048576K
}
Event: 2.380 GC heap before
{Heap before GC invocations=9 (full 0):
 PSYoungGen      total 134144K, used 126496K [0x00000000eb700000, 0x00000000f4300000, 0x0000000100000000)
  eden space 126464K, 100% used [0x00000000eb700000,0x00000000f3280000,0x00000000f3280000)
  from space 7680K, 0% used [0x00000000f3a80000,0x00000000f3a88000,0x00000000f4200000)
  to   space 8192K, 0% used [0x00000000f3280000,0x00000000f3280000,0x00000000f3a80000)
 ParOldGen       total 140288K, used 107370K [0x00000000c2400000, 0x00000000cad00000, 0x00000000eb700000)
  object space 140288K, 76% used [0x00000000c2400000,0x00000000c8cdaaa8,0x00000000cad00000)
 Metaspace       used 11658K, capacity 11856K, committed 12160K, reserved 1060864K
  class space    used 1264K, capacity 1350K, committed 1408K, reserved 1048576K

